2026-04-09 16:54:16,784 [INFO] 메타데이터 로드: /home/mjudcd/문서/Study/kanana-test/ondevice/outputs/int8/export_meta.json
2026-04-09 16:54:16,784 [INFO] 
[.task 패키징 시작] → /home/mjudcd/문서/Study/kanana-test/ondevice/outputs/int8/kanana_int8.task
2026-04-09 16:54:16,785 [WARNING] SentencePiece(.spm) 파일 없음. tokenizer.json 기반입니다.
2026-04-09 16:54:16,785 [WARNING] MediaPipe .task 번들은 SentencePiece를 권장합니다.
2026-04-09 16:54:16,785 [WARNING] tokenizer.json 경로를 직접 번들에 포함하는 방식으로 진행합니다.
2026-04-09 16:54:18,153 [INFO]   ➕ model.tflite (2100.5 MB)
2026-04-09 16:54:18,163 [INFO]   ➕ tokenizer.json
2026-04-09 16:54:18,163 [INFO]   ➕ metadata/metadata.json
2026-04-09 16:54:18,573 [INFO] ✅ .task 생성 완료: /home/mjudcd/문서/Study/kanana-test/ondevice/outputs/int8/kanana_int8.task (2117.7 MB)
2026-04-09 16:54:18,573 [INFO] 
[.litertlm 패키징 시작] → /home/mjudcd/문서/Study/kanana-test/ondevice/outputs/int8/kanana_int8.litertlm
2026-04-09 16:54:18,574 [WARNING] SentencePiece(.spm) 파일 없음. tokenizer.json 기반입니다.
2026-04-09 16:54:18,574 [WARNING] MediaPipe .task 번들은 SentencePiece를 권장합니다.
2026-04-09 16:54:18,574 [WARNING] tokenizer.json 경로를 직접 번들에 포함하는 방식으로 진행합니다.
2026-04-09 16:54:19,829 [INFO]   ➕ model.tflite (2100.5 MB)
2026-04-09 16:54:19,839 [INFO]   ➕ tokenizer/tokenizer.json
2026-04-09 16:54:19,839 [INFO]   ➕ tokenizer/tokenizer_config.json
2026-04-09 16:54:19,839 [INFO]   ➕ tokenizer/special_tokens_map.json
2026-04-09 16:54:19,850 [INFO]   ➕ tokenizer/tokenizer.json
2026-04-09 16:54:19,850 [INFO]   ➕ config.json
2026-04-09 16:54:19,850 [INFO] ✅ .litertlm 생성 완료: /home/mjudcd/문서/Study/kanana-test/ondevice/outputs/int8/kanana_int8.litertlm (2135.0 MB)
2026-04-09 16:54:19,850 [INFO] 
로그 저장: /home/mjudcd/문서/Study/kanana-test/ondevice/logs/bundle_20260409_165416.log
2026-04-09 16:54:19,850 [INFO] ✅ 번들링 완료 → 다음 단계: python verify_artifact.py --quant int8
