2026-04-09 18:39:33,943 [INFO] ============================================================
2026-04-09 18:39:33,943 [INFO] Kanana-Nano-2.1B MediaPipe 호환 TFLite 변환
2026-04-09 18:39:33,943 [INFO] ============================================================
2026-04-09 18:39:33,943 [INFO]   model_id       : kakaocorp/kanana-nano-2.1b-base
2026-04-09 18:39:33,943 [INFO]   quantize       : dynamic_int4_block128
2026-04-09 18:39:33,943 [INFO]   prefill_lens   : [256]
2026-04-09 18:39:33,943 [INFO]   kv_cache_max   : 1280
2026-04-09 18:39:33,943 [INFO]   output_dir     : /home/mjudcd/문서/Study/kanana-test/ondevice/outputs/mediapipe
2026-04-09 18:39:34,043 [INFO] 
[1/3] HuggingFace 모델 캐시 확인: kakaocorp/kanana-nano-2.1b-base
2026-04-09 18:39:34,978 [INFO] 체크포인트 경로: /home/mjudcd/.cache/huggingface/hub/models--kakaocorp--kanana-nano-2.1b-base/snapshots/3d1ace1214dbebf52b9d2cd6f18b78857194d72b (0.9s)
2026-04-09 18:39:34,978 [INFO] 
[2/3] DecoderOnlyModel 빌드 (mask_cache_size=1280)
2026-04-09 18:39:36,810 [WARNING] Skipping import of cpp extensions due to incompatible torch version. Please upgrade to torch >= 2.11.0 (found 2.9.0+cu128).
2026-04-09 18:39:37,404 [INFO] Unable to initialize backend 'tpu': INTERNAL: Failed to open libtpu.so: libtpu.so: cannot open shared object file: No such file or directory
2026-04-09 18:39:37,407 [INFO] Unable to initialize backend 'tpu': INTERNAL: Failed to open libtpu.so: libtpu.so: cannot open shared object file: No such file or directory
2026-04-09 18:39:37,655 [INFO] DecoderOnlyModel 빌드: checkpoint=/home/mjudcd/.cache/huggingface/hub/models--kakaocorp--kanana-nano-2.1b-base/snapshots/3d1ace1214dbebf52b9d2cd6f18b78857194d72b
2026-04-09 18:39:37,655 [INFO]   vocab_size=128256, num_layers=32, embedding_dim=1792
2026-04-09 18:39:37,655 [INFO]   num_heads=24, head_dim=128, num_kv_heads=8
2026-04-09 18:39:37,655 [INFO]   intermediate_size=8064, rope_theta=500000
2026-04-09 18:39:37,655 [INFO]   mask_cache_size=1280
2026-04-09 18:39:43,221 [INFO] 모델 빌드 완료: 8.2s
2026-04-09 18:39:43,221 [INFO] 
[3/3] convert_to_tflite() 변환
2026-04-09 18:39:43,224 [INFO] converter.convert_to_tflite() 시작...
2026-04-09 18:39:43,224 [INFO]   prefill_seq_lens=[256]
2026-04-09 18:39:43,224 [INFO]   kv_cache_max_len=1280
2026-04-09 18:39:43,224 [INFO]   quantize=dynamic_int4_block128
2026-04-09 18:39:43,224 [INFO]   output_dir=/home/mjudcd/문서/Study/kanana-test/ondevice/outputs/mediapipe
2026-04-09 18:39:58,020 [INFO] Use JAX lowering: aten.view
2026-04-09 18:39:58,024 [INFO] Use JAX lowering: aten.embedding
2026-04-09 18:39:58,036 [INFO] Use JAX lowering: aten.arange.start_step
2026-04-09 18:39:58,038 [INFO] Use JAX lowering: aten.mul.Tensor
2026-04-09 18:39:58,041 [INFO] Use JAX lowering: aten.pow
2026-04-09 18:39:58,044 [INFO] Use JAX lowering: aten.clone.default
2026-04-09 18:39:58,045 [INFO] Use JAX lowering: aten.unsqueeze.default
2026-04-09 18:39:58,054 [INFO] Use JAX lowering: aten.div.Tensor
2026-04-09 18:39:58,057 [INFO] Use JAX lowering: aten.cos
2026-04-09 18:39:58,060 [INFO] Use JAX lowering: aten.sin
2026-04-09 18:39:58,062 [INFO] Use JAX lowering: aten.index_select
2026-04-09 18:39:58,069 [INFO] Use JAX lowering: aten.full
2026-04-09 18:39:58,074 [INFO] Use JAX lowering: aten.mean
2026-04-09 18:39:58,077 [INFO] Use JAX lowering: aten.add.Tensor
2026-04-09 18:39:58,080 [INFO] Use JAX lowering: aten.rsqrt
2026-04-09 18:39:58,090 [INFO] Use JAX lowering: aten.permute
2026-04-09 18:39:58,094 [INFO] Use JAX lowering: aten.mm
2026-04-09 18:39:58,102 [INFO] Use JAX lowering: aten.split_with_sizes
2026-04-09 18:39:58,127 [INFO] Use JAX lowering: aten.sub.Tensor
2026-04-09 18:39:58,164 [INFO] Use JAX lowering: aten.select
2026-04-09 18:39:58,185 [INFO] Use JAX lowering: aten.expand
2026-04-09 18:39:58,200 [INFO] Use JAX lowering: aten.mul.Scalar
2026-04-09 18:39:58,218 [INFO] Use JAX lowering: aten.bmm
2026-04-09 18:39:58,226 [INFO] Use JAX lowering: aten._softmax
2026-04-09 18:39:58,296 [INFO] Use JAX lowering: aten.sigmoid
2026-04-09 18:40:20,025 [INFO] Function `inner` contains input name(s) resource with unsupported characters which will be renamed to xlacallmodule_readvariableop_227_resource in the SavedModel.
2026-04-09 18:40:20,070 [INFO] Function `inner` contains input name(s) resource with unsupported characters which will be renamed to xlacallmodule_readvariableop_227_resource in the SavedModel.
2026-04-09 18:40:24,052 [INFO] Assets written to: /tmp/tmp08a9o37j/assets
